<?xml version="1.0" encoding="UTF-8"?>
<coverage generated="1779745610192" clover="3.2.0">
  <project timestamp="1779745610192" name="All files">
    <metrics statements="32" coveredstatements="26" conditionals="20" coveredconditionals="16" methods="9" coveredmethods="8" elements="61" coveredelements="50" complexity="0" loc="32" ncloc="32" packages="1" files="3" classes="3"/>
    <file name="auth.js" path="C:\Users\ens-lucassiqueira_ug\Downloads\projeto-main\projeto-main\src\auth.js">
      <metrics statements="7" coveredstatements="6" conditionals="4" coveredconditionals="3" methods="2" coveredmethods="2"/>
      <line num="2" count="2" type="stmt"/>
      <line num="3" count="2" type="cond" truecount="1" falsecount="1"/>
      <line num="4" count="0" type="stmt"/>
      <line num="6" count="2" type="cond" truecount="2" falsecount="0"/>
      <line num="7" count="1" type="stmt"/>
      <line num="9" count="1" type="stmt"/>
      <line num="12" count="1" type="stmt"/>
    </file>
    <file name="userService.js" path="C:\Users\ens-lucassiqueira_ug\Downloads\projeto-main\projeto-main\src\userService.js">
      <metrics statements="9" coveredstatements="8" conditionals="4" coveredconditionals="3" methods="4" coveredmethods="4"/>
      <line num="2" count="1" type="stmt"/>
      <line num="6" count="2" type="stmt"/>
      <line num="10" count="2" type="cond" truecount="2" falsecount="0"/>
      <line num="11" count="1" type="stmt"/>
      <line num="13" count="1" type="stmt"/>
      <line num="14" count="1" type="cond" truecount="1" falsecount="1"/>
      <line num="15" count="0" type="stmt"/>
      <line num="17" count="1" type="stmt"/>
      <line num="20" count="1" type="stmt"/>
    </file>
    <file name="validation.js" path="C:\Users\ens-lucassiqueira_ug\Downloads\projeto-main\projeto-main\src\validation.js">
      <metrics statements="16" coveredstatements="12" conditionals="12" coveredconditionals="10" methods="3" coveredmethods="2"/>
      <line num="2" count="3" type="cond" truecount="4" falsecount="0"/>
      <line num="3" count="1" type="stmt"/>
      <line num="5" count="2" type="cond" truecount="2" falsecount="0"/>
      <line num="6" count="1" type="stmt"/>
      <line num="8" count="1" type="stmt"/>
      <line num="12" count="3" type="stmt"/>
      <line num="13" count="3" type="cond" truecount="2" falsecount="0"/>
      <line num="14" count="1" type="stmt"/>
      <line num="16" count="2" type="cond" truecount="2" falsecount="0"/>
      <line num="17" count="1" type="stmt"/>
      <line num="19" count="1" type="stmt"/>
      <line num="23" count="0" type="stmt"/>
      <line num="24" count="0" type="cond" truecount="0" falsecount="2"/>
      <line num="25" count="0" type="stmt"/>
      <line num="28" count="0" type="stmt"/>
      <line num="31" count="1" type="stmt"/>
    </file>
  </project>
</coverage>
