TN:
SF:src\auth.js
FN:1,authenticateUser
FN:2,(anonymous_1)
FNF:2
FNH:2
FNDA:2,authenticateUser
FNDA:2,(anonymous_1)
DA:2,2
DA:3,2
DA:4,0
DA:6,2
DA:7,1
DA:9,1
DA:12,1
LF:7
LH:6
BRDA:3,0,0,0
BRDA:3,0,1,2
BRDA:6,1,0,1
BRDA:6,1,1,1
BRF:4
BRH:3
end_of_record
TN:
SF:src\userService.js
FN:1,isEmailUnique
FN:2,(anonymous_1)
FN:5,canAccessList
FN:9,fetchList
FNF:4
FNH:4
FNDA:1,isEmailUnique
FNDA:1,(anonymous_1)
FNDA:2,canAccessList
FNDA:2,fetchList
DA:2,1
DA:6,2
DA:10,2
DA:11,1
DA:13,1
DA:14,1
DA:15,0
DA:17,1
DA:20,1
LF:9
LH:8
BRDA:10,0,0,1
BRDA:10,0,1,1
BRDA:14,1,0,0
BRDA:14,1,1,1
BRF:4
BRH:3
end_of_record
TN:
SF:src\validation.js
FN:1,validatePassword
FN:11,validateEmail
FN:22,validateRequiredFields
FNF:3
FNH:2
FNDA:3,validatePassword
FNDA:3,validateEmail
FNDA:0,validateRequiredFields
DA:2,3
DA:3,1
DA:5,2
DA:6,1
DA:8,1
DA:12,3
DA:13,3
DA:14,1
DA:16,2
DA:17,1
DA:19,1
DA:23,0
DA:24,0
DA:25,0
DA:28,0
DA:31,1
LF:16
LH:12
BRDA:2,0,0,1
BRDA:2,0,1,2
BRDA:2,1,0,3
BRDA:2,1,1,3
BRDA:5,2,0,1
BRDA:5,2,1,1
BRDA:13,3,0,1
BRDA:13,3,1,2
BRDA:16,4,0,1
BRDA:16,4,1,1
BRDA:24,5,0,0
BRDA:24,5,1,0
BRF:12
BRH:10
end_of_record
